15:04:38[INFO cn.nest.spider.util.HttpClientUtil] 客户池状态：[leased: 0; pending: 0; available: 0; max: 200]
15:04:38[INFO cn.nest.spider.gather.commons.CommonSpider] 加载爬虫忽略名单成功， 忽略名单：[zip, exe, doc, docx, jpg, png, jpeg, mp3, mp4, mkv, rmvb, ppt, pptx, iso, dmg, apk, jar, pdf, xls, xlsx, js, cpp, gif, rar, xml]
15:04:38[INFO cn.nest.spider.gather.commons.CommonSpider] 日期匹配加载完成
15:04:38[INFO cn.nest.spider.dao.es.ESClient] 正在初始化客户端， Host:localhost，Port:9300
15:04:40[INFO cn.nest.spider.dao.es.ESClient] ES客户端初始化成功
15:04:40[INFO cn.nest.spider.dao.es.ESClient] 正在初始化客户端， Host:localhost，Port:9300
15:04:40[INFO cn.nest.spider.dao.es.ESClient] ES客户端初始化成功
15:04:40[INFO cn.nest.spider.dao.es.ESClient] 正在初始化客户端， Host:localhost，Port:9300
15:04:40[INFO cn.nest.spider.dao.es.ESClient] ES客户端初始化成功
15:10:26[INFO cn.nest.spider.util.HttpClientUtil] 客户池状态：[leased: 0; pending: 0; available: 0; max: 200]
15:10:26[INFO cn.nest.spider.gather.commons.CommonSpider] 加载爬虫忽略名单成功， 忽略名单：[zip, exe, doc, docx, jpg, png, jpeg, mp3, mp4, mkv, rmvb, ppt, pptx, iso, dmg, apk, jar, pdf, xls, xlsx, js, cpp, gif, rar, xml]
15:10:26[INFO cn.nest.spider.gather.commons.CommonSpider] 日期匹配加载完成
15:10:26[INFO cn.nest.spider.dao.es.ESClient] 正在初始化客户端， Host:localhost，Port:9300
15:10:28[INFO cn.nest.spider.dao.es.ESClient] ES客户端初始化成功
15:10:28[INFO cn.nest.spider.dao.es.ESClient] 正在初始化客户端， Host:localhost，Port:9300
15:10:28[INFO cn.nest.spider.dao.es.ESClient] ES客户端初始化成功
15:10:28[INFO cn.nest.spider.dao.es.ESClient] 正在初始化客户端， Host:localhost，Port:9300
15:10:28[INFO cn.nest.spider.dao.es.ESClient] ES客户端初始化成功
15:10:29[INFO cn.nest.spider.dao.es.ESClient] commonsindex已存在
15:10:29[INFO cn.nest.spider.dao.es.ESClient] webpagetype已存在
15:13:11[INFO cn.nest.spider.util.HttpClientUtil] 客户池状态：[leased: 0; pending: 0; available: 0; max: 200]
15:13:11[INFO cn.nest.spider.gather.commons.CommonSpider] 加载爬虫忽略名单成功， 忽略名单：[zip, exe, doc, docx, jpg, png, jpeg, mp3, mp4, mkv, rmvb, ppt, pptx, iso, dmg, apk, jar, pdf, xls, xlsx, js, cpp, gif, rar, xml]
15:13:11[INFO cn.nest.spider.gather.commons.CommonSpider] 日期匹配加载完成
15:13:11[INFO cn.nest.spider.dao.es.ESClient] 正在初始化客户端， Host:localhost，Port:9300
15:13:13[INFO cn.nest.spider.dao.es.ESClient] ES客户端初始化成功
15:13:13[INFO cn.nest.spider.dao.es.ESClient] 正在初始化客户端， Host:localhost，Port:9300
15:13:13[INFO cn.nest.spider.dao.es.ESClient] ES客户端初始化成功
15:13:13[INFO cn.nest.spider.dao.es.ESClient] 正在初始化客户端， Host:localhost，Port:9300
15:13:14[INFO cn.nest.spider.dao.es.ESClient] ES客户端初始化成功
15:13:53[INFO cn.nest.spider.util.HttpClientUtil] 客户池状态：[leased: 0; pending: 0; available: 0; max: 200]
15:13:53[INFO cn.nest.spider.gather.commons.CommonSpider] 加载爬虫忽略名单成功， 忽略名单：[zip, exe, doc, docx, jpg, png, jpeg, mp3, mp4, mkv, rmvb, ppt, pptx, iso, dmg, apk, jar, pdf, xls, xlsx, js, cpp, gif, rar, xml]
15:13:53[INFO cn.nest.spider.gather.commons.CommonSpider] 日期匹配加载完成
15:13:53[INFO cn.nest.spider.dao.es.ESClient] 正在初始化客户端， Host:localhost，Port:9300
15:13:55[INFO cn.nest.spider.dao.es.ESClient] ES客户端初始化成功
15:13:55[INFO cn.nest.spider.dao.es.ESClient] 正在初始化客户端， Host:localhost，Port:9300
15:13:55[INFO cn.nest.spider.dao.es.ESClient] ES客户端初始化成功
15:13:55[INFO cn.nest.spider.dao.es.ESClient] 正在初始化客户端， Host:localhost，Port:9300
15:13:55[INFO cn.nest.spider.dao.es.ESClient] ES客户端初始化成功
15:35:13[INFO cn.nest.spider.util.HttpClientUtil] 客户池状态：[leased: 0; pending: 0; available: 0; max: 200]
15:35:13[INFO cn.nest.spider.gather.commons.CommonSpider] 加载爬虫忽略名单成功， 忽略名单：[zip, exe, doc, docx, jpg, png, jpeg, mp3, mp4, mkv, rmvb, ppt, pptx, iso, dmg, apk, jar, pdf, xls, xlsx, js, cpp, gif, rar, xml]
15:35:13[INFO cn.nest.spider.gather.commons.CommonSpider] 日期匹配加载完成
15:35:13[INFO cn.nest.spider.dao.es.ESClient] 正在初始化客户端， Host:localhost，Port:9300
15:35:15[INFO cn.nest.spider.dao.es.ESClient] ES客户端初始化成功
15:35:15[INFO cn.nest.spider.dao.es.ESClient] 正在初始化客户端， Host:localhost，Port:9300
15:35:15[INFO cn.nest.spider.dao.es.ESClient] ES客户端初始化成功
15:35:15[INFO cn.nest.spider.dao.es.ESClient] 正在初始化客户端， Host:localhost，Port:9300
15:35:15[INFO cn.nest.spider.dao.es.ESClient] ES客户端初始化成功
15:36:26[INFO cn.nest.spider.util.HttpClientUtil] 客户池状态：[leased: 0; pending: 0; available: 0; max: 200]
15:36:26[INFO cn.nest.spider.gather.commons.CommonSpider] 加载爬虫忽略名单成功， 忽略名单：[zip, exe, doc, docx, jpg, png, jpeg, mp3, mp4, mkv, rmvb, ppt, pptx, iso, dmg, apk, jar, pdf, xls, xlsx, js, cpp, gif, rar, xml]
15:36:26[INFO cn.nest.spider.gather.commons.CommonSpider] 日期匹配加载完成
15:36:26[INFO cn.nest.spider.dao.es.ESClient] 正在初始化客户端， Host:localhost，Port:9300
15:36:28[INFO cn.nest.spider.dao.es.ESClient] ES客户端初始化成功
15:36:28[INFO cn.nest.spider.dao.es.ESClient] 正在初始化客户端， Host:localhost，Port:9300
15:36:28[INFO cn.nest.spider.dao.es.ESClient] ES客户端初始化成功
15:36:28[INFO cn.nest.spider.dao.es.ESClient] 正在初始化客户端， Host:localhost，Port:9300
15:36:29[INFO cn.nest.spider.dao.es.ESClient] ES客户端初始化成功
15:39:06[INFO cn.nest.spider.util.HttpClientUtil] 客户池状态：[leased: 0; pending: 0; available: 0; max: 200]
15:39:06[INFO cn.nest.spider.gather.commons.CommonSpider] 加载爬虫忽略名单成功， 忽略名单：[zip, exe, doc, docx, jpg, png, jpeg, mp3, mp4, mkv, rmvb, ppt, pptx, iso, dmg, apk, jar, pdf, xls, xlsx, js, cpp, gif, rar, xml]
15:39:06[INFO cn.nest.spider.gather.commons.CommonSpider] 日期匹配加载完成
15:39:06[INFO cn.nest.spider.dao.es.ESClient] 正在初始化客户端， Host:localhost，Port:9300
15:39:08[INFO cn.nest.spider.dao.es.ESClient] ES客户端初始化成功
15:39:08[INFO cn.nest.spider.dao.es.ESClient] 正在初始化客户端， Host:localhost，Port:9300
15:39:08[INFO cn.nest.spider.dao.es.ESClient] ES客户端初始化成功
15:39:08[INFO cn.nest.spider.dao.es.ESClient] 正在初始化客户端， Host:localhost，Port:9300
15:39:09[INFO cn.nest.spider.dao.es.ESClient] ES客户端初始化成功
15:42:22[INFO cn.nest.spider.util.HttpClientUtil] 客户池状态：[leased: 0; pending: 0; available: 0; max: 200]
15:42:22[INFO cn.nest.spider.gather.commons.CommonSpider] 加载爬虫忽略名单成功， 忽略名单：[zip, exe, doc, docx, jpg, png, jpeg, mp3, mp4, mkv, rmvb, ppt, pptx, iso, dmg, apk, jar, pdf, xls, xlsx, js, cpp, gif, rar, xml]
15:42:22[INFO cn.nest.spider.gather.commons.CommonSpider] 日期匹配加载完成
15:42:22[INFO cn.nest.spider.dao.es.ESClient] 正在初始化客户端， Host:localhost，Port:9300
15:42:24[INFO cn.nest.spider.dao.es.ESClient] ES客户端初始化成功
15:42:24[INFO cn.nest.spider.dao.es.ESClient] 正在初始化客户端， Host:localhost，Port:9300
15:42:24[INFO cn.nest.spider.dao.es.ESClient] ES客户端初始化成功
15:42:24[INFO cn.nest.spider.dao.es.ESClient] 正在初始化客户端， Host:localhost，Port:9300
15:42:24[INFO cn.nest.spider.dao.es.ESClient] ES客户端初始化成功
15:44:21[INFO cn.nest.spider.util.HttpClientUtil] 客户池状态：[leased: 0; pending: 0; available: 0; max: 200]
15:44:21[INFO cn.nest.spider.gather.commons.CommonSpider] 加载爬虫忽略名单成功， 忽略名单：[zip, exe, doc, docx, jpg, png, jpeg, mp3, mp4, mkv, rmvb, ppt, pptx, iso, dmg, apk, jar, pdf, xls, xlsx, js, cpp, gif, rar, xml]
15:44:21[INFO cn.nest.spider.gather.commons.CommonSpider] 日期匹配加载完成
15:44:21[INFO cn.nest.spider.dao.es.ESClient] 正在初始化客户端， Host:localhost，Port:9300
15:44:23[INFO cn.nest.spider.dao.es.ESClient] ES客户端初始化成功
15:44:23[INFO cn.nest.spider.dao.es.ESClient] 正在初始化客户端， Host:localhost，Port:9300
15:44:23[INFO cn.nest.spider.dao.es.ESClient] ES客户端初始化成功
15:44:23[INFO cn.nest.spider.dao.es.ESClient] 正在初始化客户端， Host:localhost，Port:9300
15:44:23[INFO cn.nest.spider.dao.es.ESClient] ES客户端初始化成功
15:45:26[INFO cn.nest.spider.util.HttpClientUtil] 客户池状态：[leased: 0; pending: 0; available: 0; max: 200]
15:45:26[INFO cn.nest.spider.gather.commons.CommonSpider] 加载爬虫忽略名单成功， 忽略名单：[zip, exe, doc, docx, jpg, png, jpeg, mp3, mp4, mkv, rmvb, ppt, pptx, iso, dmg, apk, jar, pdf, xls, xlsx, js, cpp, gif, rar, xml]
15:45:26[INFO cn.nest.spider.gather.commons.CommonSpider] 日期匹配加载完成
15:45:26[INFO cn.nest.spider.dao.es.ESClient] 正在初始化客户端， Host:localhost，Port:9300
15:45:28[INFO cn.nest.spider.dao.es.ESClient] ES客户端初始化成功
15:45:28[INFO cn.nest.spider.dao.es.ESClient] 正在初始化客户端， Host:localhost，Port:9300
15:45:28[INFO cn.nest.spider.dao.es.ESClient] ES客户端初始化成功
15:45:28[INFO cn.nest.spider.dao.es.ESClient] 正在初始化客户端， Host:localhost，Port:9300
15:45:28[INFO cn.nest.spider.dao.es.ESClient] ES客户端初始化成功
15:04:21[INFO cn.nest.spider.util.HttpClientUtil] 客户池状态：[leased: 0; pending: 0; available: 0; max: 200]
15:04:21[INFO cn.nest.spider.gather.commons.CommonSpider] 加载爬虫忽略名单成功， 忽略名单：[zip, exe, doc, docx, jpg, png, jpeg, mp3, mp4, mkv, rmvb, ppt, pptx, iso, dmg, apk, jar, pdf, xls, xlsx, js, cpp, gif, rar, xml]
15:04:21[INFO cn.nest.spider.gather.commons.CommonSpider] 日期匹配加载完成
15:04:22[INFO cn.nest.spider.dao.es.ESClient] 正在初始化客户端， Host:localhost，Port:9300
15:43:10[INFO cn.nest.spider.util.HttpClientUtil] 客户池状态：[leased: 0; pending: 0; available: 0; max: 200]
15:43:10[INFO cn.nest.spider.gather.commons.CommonSpider] 加载爬虫忽略名单成功， 忽略名单：[zip, exe, doc, docx, jpg, png, jpeg, mp3, mp4, mkv, rmvb, ppt, pptx, iso, dmg, apk, jar, pdf, xls, xlsx, js, cpp, gif, rar, xml]
15:43:10[INFO cn.nest.spider.gather.commons.CommonSpider] 日期匹配加载完成
15:43:10[INFO cn.nest.spider.dao.es.ESClient] 正在初始化客户端， Host:localhost，Port:9300
15:43:13[INFO cn.nest.spider.dao.es.ESClient] ES客户端初始化成功
15:43:13[INFO cn.nest.spider.dao.es.ESClient] 正在初始化客户端， Host:localhost，Port:9300
15:43:13[INFO cn.nest.spider.dao.es.ESClient] ES客户端初始化成功
15:43:13[INFO cn.nest.spider.dao.es.ESClient] 正在初始化客户端， Host:localhost，Port:9300
15:43:14[INFO cn.nest.spider.dao.es.ESClient] ES客户端初始化成功
15:44:08[INFO cn.nest.spider.util.HttpClientUtil] 客户池状态：[leased: 0; pending: 0; available: 0; max: 200]
15:44:08[INFO cn.nest.spider.gather.commons.CommonSpider] 加载爬虫忽略名单成功， 忽略名单：[zip, exe, doc, docx, jpg, png, jpeg, mp3, mp4, mkv, rmvb, ppt, pptx, iso, dmg, apk, jar, pdf, xls, xlsx, js, cpp, gif, rar, xml]
15:44:08[INFO cn.nest.spider.gather.commons.CommonSpider] 日期匹配加载完成
15:44:08[INFO cn.nest.spider.dao.es.ESClient] 正在初始化客户端， Host:localhost，Port:9300
15:44:10[INFO cn.nest.spider.dao.es.ESClient] ES客户端初始化成功
15:44:10[INFO cn.nest.spider.dao.es.ESClient] 正在初始化客户端， Host:localhost，Port:9300
15:44:10[INFO cn.nest.spider.dao.es.ESClient] ES客户端初始化成功
15:44:10[INFO cn.nest.spider.dao.es.ESClient] 正在初始化客户端， Host:localhost，Port:9300
15:44:11[INFO cn.nest.spider.dao.es.ESClient] ES客户端初始化成功
