10:38:45[INFO cn.nest.spider.util.HttpClientUtil] 客户池状态：[leased: 0; pending: 0; available: 0; max: 200]
10:38:46[INFO cn.nest.spider.gather.commons.CommonSpider] 加载爬虫忽略名单成功， 忽略名单：[zip, exe, doc, docx, jpg, png, jpeg, mp3, mp4, mkv, rmvb, ppt, pptx, iso, dmg, apk, jar, pdf, xls, xlsx, js, cpp, gif, rar, xml]
10:38:46[INFO cn.nest.spider.gather.commons.CommonSpider] 日期匹配加载完成
10:38:46[INFO cn.nest.spider.dao.es.ESClient] 正在初始化客户端， Host:localhost，Port:9300
10:38:48[INFO cn.nest.spider.dao.es.ESClient] ES客户端初始化成功
10:38:48[INFO cn.nest.spider.dao.es.ESClient] 正在初始化客户端， Host:localhost，Port:9300
10:38:51[INFO cn.nest.spider.dao.es.ESClient] ES客户端初始化成功
10:38:51[INFO cn.nest.spider.dao.es.ESClient] 正在初始化客户端， Host:localhost，Port:9300
10:38:51[INFO cn.nest.spider.dao.es.ESClient] ES客户端初始化成功
16:52:42[INFO cn.nest.spider.util.HttpClientUtil] 客户池状态：[leased: 0; pending: 0; available: 0; max: 200]
16:52:42[INFO cn.nest.spider.gather.commons.CommonSpider] 加载爬虫忽略名单成功， 忽略名单：[zip, exe, doc, docx, jpg, png, jpeg, mp3, mp4, mkv, rmvb, ppt, pptx, iso, dmg, apk, jar, pdf, xls, xlsx, js, cpp, gif, rar, xml]
16:52:42[INFO cn.nest.spider.gather.commons.CommonSpider] 日期匹配加载完成
16:52:42[INFO cn.nest.spider.dao.es.ESClient] 正在初始化客户端， Host:localhost，Port:9300
16:52:45[INFO cn.nest.spider.dao.es.ESClient] ES客户端初始化成功
16:52:45[INFO cn.nest.spider.dao.es.ESClient] 正在初始化客户端， Host:localhost，Port:9300
16:52:45[INFO cn.nest.spider.dao.es.ESClient] ES客户端初始化成功
16:52:45[INFO cn.nest.spider.dao.es.ESClient] 正在初始化客户端， Host:localhost，Port:9300
16:52:45[INFO cn.nest.spider.dao.es.ESClient] ES客户端初始化成功
16:53:25[INFO cn.nest.spider.util.HttpClientUtil] 客户池状态：[leased: 0; pending: 0; available: 0; max: 200]
16:53:25[INFO cn.nest.spider.gather.commons.CommonSpider] 加载爬虫忽略名单成功， 忽略名单：[zip, exe, doc, docx, jpg, png, jpeg, mp3, mp4, mkv, rmvb, ppt, pptx, iso, dmg, apk, jar, pdf, xls, xlsx, js, cpp, gif, rar, xml]
16:53:25[INFO cn.nest.spider.gather.commons.CommonSpider] 日期匹配加载完成
16:53:25[INFO cn.nest.spider.dao.es.ESClient] 正在初始化客户端， Host:localhost，Port:9300
16:53:27[INFO cn.nest.spider.dao.es.ESClient] ES客户端初始化成功
16:53:27[INFO cn.nest.spider.dao.es.ESClient] 正在初始化客户端， Host:localhost，Port:9300
16:53:27[INFO cn.nest.spider.dao.es.ESClient] ES客户端初始化成功
16:53:27[INFO cn.nest.spider.dao.es.ESClient] 正在初始化客户端， Host:localhost，Port:9300
16:53:28[INFO cn.nest.spider.dao.es.ESClient] ES客户端初始化成功
16:54:25[INFO cn.nest.spider.util.HttpClientUtil] 客户池状态：[leased: 0; pending: 0; available: 0; max: 200]
16:54:25[INFO cn.nest.spider.gather.commons.CommonSpider] 加载爬虫忽略名单成功， 忽略名单：[zip, exe, doc, docx, jpg, png, jpeg, mp3, mp4, mkv, rmvb, ppt, pptx, iso, dmg, apk, jar, pdf, xls, xlsx, js, cpp, gif, rar, xml]
16:54:25[INFO cn.nest.spider.gather.commons.CommonSpider] 日期匹配加载完成
16:54:25[INFO cn.nest.spider.dao.es.ESClient] 正在初始化客户端， Host:localhost，Port:9300
16:54:27[INFO cn.nest.spider.dao.es.ESClient] ES客户端初始化成功
16:54:27[INFO cn.nest.spider.dao.es.ESClient] 正在初始化客户端， Host:localhost，Port:9300
16:54:28[INFO cn.nest.spider.dao.es.ESClient] ES客户端初始化成功
16:54:28[INFO cn.nest.spider.dao.es.ESClient] 正在初始化客户端， Host:localhost，Port:9300
16:54:28[INFO cn.nest.spider.dao.es.ESClient] ES客户端初始化成功
16:57:05[INFO cn.nest.spider.util.HttpClientUtil] 客户池状态：[leased: 0; pending: 0; available: 0; max: 200]
16:57:05[INFO cn.nest.spider.gather.commons.CommonSpider] 加载爬虫忽略名单成功， 忽略名单：[zip, exe, doc, docx, jpg, png, jpeg, mp3, mp4, mkv, rmvb, ppt, pptx, iso, dmg, apk, jar, pdf, xls, xlsx, js, cpp, gif, rar, xml]
16:57:05[INFO cn.nest.spider.gather.commons.CommonSpider] 日期匹配加载完成
16:57:05[INFO cn.nest.spider.dao.es.ESClient] 正在初始化客户端， Host:localhost，Port:9300
16:57:08[INFO cn.nest.spider.dao.es.ESClient] ES客户端初始化成功
16:57:08[INFO cn.nest.spider.dao.es.ESClient] 正在初始化客户端， Host:localhost，Port:9300
16:57:08[INFO cn.nest.spider.dao.es.ESClient] ES客户端初始化成功
16:57:08[INFO cn.nest.spider.dao.es.ESClient] 正在初始化客户端， Host:localhost，Port:9300
16:57:08[INFO cn.nest.spider.dao.es.ESClient] ES客户端初始化成功
17:21:04[INFO cn.nest.spider.util.HttpClientUtil] 客户池状态：[leased: 0; pending: 0; available: 0; max: 200]
17:21:04[INFO cn.nest.spider.gather.commons.CommonSpider] 加载爬虫忽略名单成功， 忽略名单：[zip, exe, doc, docx, jpg, png, jpeg, mp3, mp4, mkv, rmvb, ppt, pptx, iso, dmg, apk, jar, pdf, xls, xlsx, js, cpp, gif, rar, xml]
17:21:04[INFO cn.nest.spider.gather.commons.CommonSpider] 日期匹配加载完成
17:21:04[INFO cn.nest.spider.dao.es.ESClient] 正在初始化客户端， Host:localhost，Port:9300
17:21:07[INFO cn.nest.spider.dao.es.ESClient] ES客户端初始化成功
17:21:07[INFO cn.nest.spider.dao.es.ESClient] 正在初始化客户端， Host:localhost，Port:9300
17:21:07[INFO cn.nest.spider.dao.es.ESClient] ES客户端初始化成功
17:21:07[INFO cn.nest.spider.dao.es.ESClient] 正在初始化客户端， Host:localhost，Port:9300
17:21:07[INFO cn.nest.spider.dao.es.ESClient] ES客户端初始化成功
17:38:22[INFO cn.nest.spider.util.HttpClientUtil] 客户池状态：[leased: 0; pending: 0; available: 0; max: 200]
17:38:22[INFO cn.nest.spider.gather.commons.CommonSpider] 加载爬虫忽略名单成功， 忽略名单：[zip, exe, doc, docx, jpg, png, jpeg, mp3, mp4, mkv, rmvb, ppt, pptx, iso, dmg, apk, jar, pdf, xls, xlsx, js, cpp, gif, rar, xml]
17:38:22[INFO cn.nest.spider.gather.commons.CommonSpider] 日期匹配加载完成
17:38:22[INFO cn.nest.spider.dao.es.ESClient] 正在初始化客户端， Host:localhost，Port:9300
17:38:24[INFO cn.nest.spider.dao.es.ESClient] ES客户端初始化成功
17:38:24[INFO cn.nest.spider.dao.es.ESClient] 正在初始化客户端， Host:localhost，Port:9300
17:38:24[INFO cn.nest.spider.dao.es.ESClient] ES客户端初始化成功
17:38:24[INFO cn.nest.spider.dao.es.ESClient] 正在初始化客户端， Host:localhost，Port:9300
17:38:25[INFO cn.nest.spider.dao.es.ESClient] ES客户端初始化成功
